2025-03-06 23:25:16 - INFO - Starting AddressBookAppApplication using Java 23.0.2 with PID 25336 (C:\Users\tanda\OneDrive\Documents\Desktop\Training\Address-Book-App\target\classes started by tanda in C:\Users\tanda\OneDrive\Documents\Desktop\Training\Address-Book-App)
2025-03-06 23:25:16 - DEBUG - Running with Spring Boot v3.4.3, Spring v6.2.3
2025-03-06 23:25:16 - INFO - No active profile set, falling back to 1 default profile: "default"
2025-03-06 23:25:17 - INFO - Bootstrapping Spring Data JPA repositories in DEFAULT mode.
2025-03-06 23:25:17 - INFO - Finished Spring Data repository scanning in 25 ms. Found 0 JPA repository interfaces.
2025-03-06 23:25:18 - INFO - Tomcat initialized with port 8080 (http)
2025-03-06 23:25:18 - INFO - Starting service [Tomcat]
2025-03-06 23:25:18 - INFO - Starting Servlet engine: [Apache Tomcat/10.1.36]
2025-03-06 23:25:18 - INFO - Initializing Spring embedded WebApplicationContext
2025-03-06 23:25:18 - INFO - Root WebApplicationContext: initialization completed in 1986 ms
2025-03-06 23:25:18 - INFO - HHH000204: Processing PersistenceUnitInfo [name: default]
2025-03-06 23:25:19 - INFO - HHH000412: Hibernate ORM core version 6.6.8.Final
2025-03-06 23:25:19 - INFO - HHH000026: Second-level cache disabled
2025-03-06 23:25:19 - INFO - No LoadTimeWeaver setup: ignoring JPA class transformer
2025-03-06 23:25:19 - INFO - HikariPool-1 - Starting...
2025-03-06 23:25:20 - INFO - HikariPool-1 - Added connection com.mysql.cj.jdbc.ConnectionImpl@118cbded
2025-03-06 23:25:20 - INFO - HikariPool-1 - Start completed.
2025-03-06 23:25:20 - WARN - HHH90000025: MySQL8Dialect does not need to be specified explicitly using 'hibernate.dialect' (remove the property setting and it will be selected by default)
2025-03-06 23:25:20 - WARN - HHH90000026: MySQL8Dialect has been deprecated; use org.hibernate.dialect.MySQLDialect instead
2025-03-06 23:25:20 - INFO - HHH10001005: Database info:
	Database JDBC URL [Connecting through datasource 'HikariDataSource (HikariPool-1)']
	Database driver: undefined/unknown
	Database version: 8.0
	Autocommit mode: undefined/unknown
	Isolation level: undefined/unknown
	Minimum pool size: undefined/unknown
	Maximum pool size: undefined/unknown
2025-03-06 23:25:21 - INFO - HHH000489: No JTA platform available (set 'hibernate.transaction.jta.platform' to enable JTA platform integration)
2025-03-06 23:25:21 - INFO - Initialized JPA EntityManagerFactory for persistence unit 'default'
2025-03-06 23:25:21 - WARN - spring.jpa.open-in-view is enabled by default. Therefore, database queries may be performed during view rendering. Explicitly configure spring.jpa.open-in-view to disable this warning
2025-03-06 23:25:22 - INFO - Tomcat started on port 8080 (http) with context path '/'
2025-03-06 23:25:22 - INFO - Started AddressBookAppApplication in 6.544 seconds (process running for 7.284)
2025-03-06 23:37:11 - INFO - Commencing graceful shutdown. Waiting for active requests to complete
2025-03-06 23:37:11 - INFO - Graceful shutdown complete
2025-03-06 23:37:11 - INFO - Closing JPA EntityManagerFactory for persistence unit 'default'
2025-03-06 23:37:11 - INFO - HikariPool-1 - Shutdown initiated...
2025-03-06 23:37:11 - INFO - HikariPool-1 - Shutdown completed.
