2025-03-04 20:49:06 - Starting AddressBookAppApplicationTests using Java 21.0.5 with PID 16492 (started by tanda in C:\Users\tanda\OneDrive\Documents\Desktop\Training\Address-Book-App)
2025-03-04 20:49:06 - Running with Spring Boot v3.4.3, Spring v6.2.3
2025-03-04 20:49:06 - No active profile set, falling back to 1 default profile: "default"
2025-03-04 20:49:07 - Bootstrapping Spring Data JPA repositories in DEFAULT mode.
2025-03-04 20:49:07 - Finished Spring Data repository scanning in 20 ms. Found 0 JPA repository interfaces.
2025-03-04 20:49:07 - HHH000204: Processing PersistenceUnitInfo [name: default]
2025-03-04 20:49:08 - HHH000412: Hibernate ORM core version 6.6.8.Final
2025-03-04 20:49:08 - HHH000026: Second-level cache disabled
2025-03-04 20:49:08 - No LoadTimeWeaver setup: ignoring JPA class transformer
2025-03-04 20:49:08 - HikariPool-1 - Starting...
2025-03-04 20:49:09 - HikariPool-1 - Added connection com.mysql.cj.jdbc.ConnectionImpl@5cbe95b1
2025-03-04 20:49:09 - HikariPool-1 - Start completed.
2025-03-04 20:49:09 - HHH90000025: MySQL8Dialect does not need to be specified explicitly using 'hibernate.dialect' (remove the property setting and it will be selected by default)
2025-03-04 20:49:09 - HHH90000026: MySQL8Dialect has been deprecated; use org.hibernate.dialect.MySQLDialect instead
2025-03-04 20:49:09 - HHH10001005: Database info:
	Database JDBC URL [Connecting through datasource 'HikariDataSource (HikariPool-1)']
	Database driver: undefined/unknown
	Database version: 8.0
	Autocommit mode: undefined/unknown
	Isolation level: undefined/unknown
	Minimum pool size: undefined/unknown
	Maximum pool size: undefined/unknown
2025-03-04 20:49:10 - HHH000489: No JTA platform available (set 'hibernate.transaction.jta.platform' to enable JTA platform integration)
2025-03-04 20:49:10 - Initialized JPA EntityManagerFactory for persistence unit 'default'
2025-03-04 20:49:10 - spring.jpa.open-in-view is enabled by default. Therefore, database queries may be performed during view rendering. Explicitly configure spring.jpa.open-in-view to disable this warning
2025-03-04 20:49:11 - Started AddressBookAppApplicationTests in 5.231 seconds (process running for 6.599)
2025-03-04 20:49:11 - Closing JPA EntityManagerFactory for persistence unit 'default'
2025-03-04 20:49:11 - HikariPool-1 - Shutdown initiated...
2025-03-04 20:49:11 - HikariPool-1 - Shutdown completed.
2025-03-04 21:06:22 - Starting AddressBookAppApplicationTests using Java 21.0.5 with PID 21628 (started by tanda in C:\Users\tanda\OneDrive\Documents\Desktop\Training\Address-Book-App)
2025-03-04 21:06:22 - Running with Spring Boot v3.4.3, Spring v6.2.3
2025-03-04 21:06:22 - No active profile set, falling back to 1 default profile: "default"
2025-03-04 21:06:23 - Bootstrapping Spring Data JPA repositories in DEFAULT mode.
2025-03-04 21:06:23 - Finished Spring Data repository scanning in 21 ms. Found 0 JPA repository interfaces.
2025-03-04 21:06:24 - HHH000204: Processing PersistenceUnitInfo [name: default]
2025-03-04 21:06:24 - HHH000412: Hibernate ORM core version 6.6.8.Final
2025-03-04 21:06:24 - HHH000026: Second-level cache disabled
2025-03-04 21:06:24 - No LoadTimeWeaver setup: ignoring JPA class transformer
2025-03-04 21:06:24 - HikariPool-1 - Starting...
2025-03-04 21:06:25 - HikariPool-1 - Added connection com.mysql.cj.jdbc.ConnectionImpl@604c7e9b
2025-03-04 21:06:25 - HikariPool-1 - Start completed.
2025-03-04 21:06:25 - HHH90000025: MySQL8Dialect does not need to be specified explicitly using 'hibernate.dialect' (remove the property setting and it will be selected by default)
2025-03-04 21:06:25 - HHH90000026: MySQL8Dialect has been deprecated; use org.hibernate.dialect.MySQLDialect instead
2025-03-04 21:06:25 - HHH10001005: Database info:
	Database JDBC URL [Connecting through datasource 'HikariDataSource (HikariPool-1)']
	Database driver: undefined/unknown
	Database version: 8.0
	Autocommit mode: undefined/unknown
	Isolation level: undefined/unknown
	Minimum pool size: undefined/unknown
	Maximum pool size: undefined/unknown
2025-03-04 21:06:26 - HHH000489: No JTA platform available (set 'hibernate.transaction.jta.platform' to enable JTA platform integration)
2025-03-04 21:06:26 - Initialized JPA EntityManagerFactory for persistence unit 'default'
2025-03-04 21:06:27 - spring.jpa.open-in-view is enabled by default. Therefore, database queries may be performed during view rendering. Explicitly configure spring.jpa.open-in-view to disable this warning
2025-03-04 21:06:27 - Started AddressBookAppApplicationTests in 5.53 seconds (process running for 6.975)
2025-03-04 21:06:28 - Closing JPA EntityManagerFactory for persistence unit 'default'
2025-03-04 21:06:28 - HikariPool-1 - Shutdown initiated...
2025-03-04 21:06:28 - HikariPool-1 - Shutdown completed.
